Total de registros del archivo :49
Total de registros procesados  :39
Total de registros descartados :10
{ id: 12 }
{ id: 13 }
{ id: 11 }
ID EXISTENTES:
[ { id: 12 }, { id: 13 }, { id: 11 } ]
{ id: 12 }
{ id: 13 }
{ id: 11 }
{ id: 14 }
{ id: 15 }
ID EXISTENTES:
[ { id: 12 }, { id: 13 }, { id: 11 }, { id: 14 }, { id: 15 } ]
{ id: 12 }
{ id: 13 }
{ id: 11 }
{ id: 14 }
{ id: 15 }
ID EXISTENTES:
[ { id: 12 }, { id: 13 }, { id: 11 }, { id: 14 }, { id: 15 } ]
{ id: 12 }
{ id: 13 }
{ id: 11 }
{ id: 14 }
{ id: 15 }
ID EXISTENTES:
[ { id: 12 }, { id: 13 }, { id: 11 }, { id: 14 }, { id: 15 } ]
{ id: 12 }
{ id: 13 }
{ id: 11 }
{ id: 14 }
{ id: 15 }
ID EXISTENTES:
[ { id: 12 }, { id: 13 }, { id: 11 }, { id: 14 }, { id: 15 } ]
{ id: 12 }
{ id: 13 }
{ id: 11 }
{ id: 14 }
{ id: 15 }
ID EXISTENTES:
[ { id: 12 }, { id: 13 }, { id: 11 }, { id: 14 }, { id: 15 } ]
{ id: 12 }
{ id: 13 }
{ id: 11 }
{ id: 14 }
{ id: 15 }
{ id: 16 }
ID EXISTENTES:
[
  { id: 12 },
  { id: 13 },
  { id: 11 },
  { id: 14 },
  { id: 15 },
  { id: 16 }
]
{ id: 12 }
{ id: 13 }
{ id: 11 }
{ id: 14 }
{ id: 15 }
{ id: 16 }
ID EXISTENTES:
[
  { id: 12 },
  { id: 13 },
  { id: 11 },
  { id: 14 },
  { id: 15 },
  { id: 16 }
]
{ id: 12 }
{ id: 13 }
{ id: 11 }
{ id: 14 }
{ id: 15 }
{ id: 16 }
{ id: 17 }
ID EXISTENTES:
[
  { id: 12 },
  { id: 13 },
  { id: 11 },
  { id: 14 },
  { id: 15 },
  { id: 16 },
  { id: 17 }
]
{ id: 12 }
{ id: 13 }
{ id: 11 }
{ id: 14 }
{ id: 15 }
{ id: 16 }
{ id: 17 }
{ id: 18 }
ID EXISTENTES:
[
  { id: 12 },
  { id: 13 },
  { id: 11 },
  { id: 14 },
  { id: 15 },
  { id: 16 },
  { id: 17 },
  { id: 18 }
]
{ id: 12 }
{ id: 13 }
{ id: 11 }
{ id: 14 }
{ id: 15 }
{ id: 16 }
{ id: 17 }
{ id: 18 }
{ id: 19 }
{ id: 20 }
ID EXISTENTES:
[
  { id: 12 }, { id: 13 },
  { id: 11 }, { id: 14 },
  { id: 15 }, { id: 16 },
  { id: 17 }, { id: 18 },
  { id: 19 }, { id: 20 }
]
{ id: 12 }
{ id: 13 }
{ id: 11 }
{ id: 14 }
{ id: 15 }
{ id: 16 }
{ id: 17 }
{ id: 18 }
{ id: 19 }
{ id: 20 }
ID EXISTENTES:
[
  { id: 12 }, { id: 13 },
  { id: 11 }, { id: 14 },
  { id: 15 }, { id: 16 },
  { id: 17 }, { id: 18 },
  { id: 19 }, { id: 20 }
]
{ id: 12 }
{ id: 13 }
{ id: 11 }
{ id: 14 }
{ id: 15 }
{ id: 16 }
{ id: 17 }
{ id: 18 }
{ id: 19 }
{ id: 20 }
{ id: 21 }
ID EXISTENTES:
[
  { id: 12 }, { id: 13 },
  { id: 11 }, { id: 14 },
  { id: 15 }, { id: 16 },
  { id: 17 }, { id: 18 },
  { id: 19 }, { id: 20 },
  { id: 21 }
]
{ id: 12 }
{ id: 13 }
{ id: 11 }
{ id: 14 }
{ id: 15 }
{ id: 16 }
{ id: 17 }
{ id: 18 }
{ id: 19 }
{ id: 20 }
{ id: 21 }
{ id: 22 }
{ id: 23 }
ID EXISTENTES:
[
  { id: 12 }, { id: 13 },
  { id: 11 }, { id: 14 },
  { id: 15 }, { id: 16 },
  { id: 17 }, { id: 18 },
  { id: 19 }, { id: 20 },
  { id: 21 }, { id: 22 },
  { id: 23 }
]
{ id: 12 }
{ id: 13 }
{ id: 11 }
{ id: 14 }
{ id: 15 }
{ id: 16 }
{ id: 17 }
{ id: 18 }
{ id: 19 }
{ id: 20 }
{ id: 21 }
{ id: 22 }
{ id: 23 }
ID EXISTENTES:
[
  { id: 12 }, { id: 13 },
  { id: 11 }, { id: 14 },
  { id: 15 }, { id: 16 },
  { id: 17 }, { id: 18 },
  { id: 19 }, { id: 20 },
  { id: 21 }, { id: 22 },
  { id: 23 }
]
{ id: 12 }
{ id: 13 }
{ id: 11 }
{ id: 14 }
{ id: 15 }
{ id: 16 }
{ id: 17 }
{ id: 18 }
{ id: 19 }
{ id: 20 }
{ id: 21 }
{ id: 22 }
{ id: 23 }
{ id: 24 }
ID EXISTENTES:
[
  { id: 12 }, { id: 13 },
  { id: 11 }, { id: 14 },
  { id: 15 }, { id: 16 },
  { id: 17 }, { id: 18 },
  { id: 19 }, { id: 20 },
  { id: 21 }, { id: 22 },
  { id: 23 }, { id: 24 }
]
{ id: 12 }
{ id: 13 }
{ id: 11 }
{ id: 14 }
{ id: 15 }
{ id: 16 }
{ id: 17 }
{ id: 18 }
{ id: 19 }
{ id: 20 }
{ id: 21 }
{ id: 22 }
{ id: 23 }
{ id: 24 }
{ id: 25 }
ID EXISTENTES:
[
  { id: 12 }, { id: 13 },
  { id: 11 }, { id: 14 },
  { id: 15 }, { id: 16 },
  { id: 17 }, { id: 18 },
  { id: 19 }, { id: 20 },
  { id: 21 }, { id: 22 },
  { id: 23 }, { id: 24 },
  { id: 25 }
]
{ id: 12 }
{ id: 13 }
{ id: 11 }
{ id: 14 }
{ id: 15 }
{ id: 16 }
{ id: 17 }
{ id: 18 }
{ id: 19 }
{ id: 20 }
{ id: 21 }
{ id: 22 }
{ id: 23 }
{ id: 24 }
{ id: 25 }
{ id: 26 }
{ id: 27 }
ID EXISTENTES:
[
  { id: 12 }, { id: 13 },
  { id: 11 }, { id: 14 },
  { id: 15 }, { id: 16 },
  { id: 17 }, { id: 18 },
  { id: 19 }, { id: 20 },
  { id: 21 }, { id: 22 },
  { id: 23 }, { id: 24 },
  { id: 25 }, { id: 26 },
  { id: 27 }
]
{ id: 12 }
{ id: 13 }
{ id: 11 }
{ id: 14 }
{ id: 15 }
{ id: 16 }
{ id: 17 }
{ id: 18 }
{ id: 19 }
{ id: 20 }
{ id: 21 }
{ id: 22 }
{ id: 23 }
{ id: 24 }
{ id: 25 }
{ id: 26 }
{ id: 27 }
ID EXISTENTES:
[
  { id: 12 }, { id: 13 },
  { id: 11 }, { id: 14 },
  { id: 15 }, { id: 16 },
  { id: 17 }, { id: 18 },
  { id: 19 }, { id: 20 },
  { id: 21 }, { id: 22 },
  { id: 23 }, { id: 24 },
  { id: 25 }, { id: 26 },
  { id: 27 }
]
{ id: 12 }
{ id: 13 }
{ id: 11 }
{ id: 14 }
{ id: 15 }
{ id: 16 }
{ id: 17 }
{ id: 18 }
{ id: 19 }
{ id: 20 }
{ id: 21 }
{ id: 22 }
{ id: 23 }
{ id: 24 }
{ id: 25 }
{ id: 26 }
{ id: 27 }
{ id: 28 }
ID EXISTENTES:
[
  { id: 12 }, { id: 13 },
  { id: 11 }, { id: 14 },
  { id: 15 }, { id: 16 },
  { id: 17 }, { id: 18 },
  { id: 19 }, { id: 20 },
  { id: 21 }, { id: 22 },
  { id: 23 }, { id: 24 },
  { id: 25 }, { id: 26 },
  { id: 27 }, { id: 28 }
]
{ id: 12 }
{ id: 13 }
{ id: 11 }
{ id: 14 }
{ id: 15 }
{ id: 16 }
{ id: 17 }
{ id: 18 }
{ id: 19 }
{ id: 20 }
{ id: 21 }
{ id: 22 }
{ id: 23 }
{ id: 24 }
{ id: 25 }
{ id: 26 }
{ id: 27 }
{ id: 28 }
{ id: 29 }
ID EXISTENTES:
[
  { id: 12 }, { id: 13 },
  { id: 11 }, { id: 14 },
  { id: 15 }, { id: 16 },
  { id: 17 }, { id: 18 },
  { id: 19 }, { id: 20 },
  { id: 21 }, { id: 22 },
  { id: 23 }, { id: 24 },
  { id: 25 }, { id: 26 },
  { id: 27 }, { id: 28 },
  { id: 29 }
]
{ id: 12 }
{ id: 13 }
{ id: 11 }
{ id: 14 }
{ id: 15 }
{ id: 16 }
{ id: 17 }
{ id: 18 }
{ id: 19 }
{ id: 20 }
{ id: 21 }
{ id: 22 }
{ id: 23 }
{ id: 24 }
{ id: 25 }
{ id: 26 }
{ id: 27 }
{ id: 28 }
{ id: 29 }
ID EXISTENTES:
[
  { id: 12 }, { id: 13 },
  { id: 11 }, { id: 14 },
  { id: 15 }, { id: 16 },
  { id: 17 }, { id: 18 },
  { id: 19 }, { id: 20 },
  { id: 21 }, { id: 22 },
  { id: 23 }, { id: 24 },
  { id: 25 }, { id: 26 },
  { id: 27 }, { id: 28 },
  { id: 29 }
]
{ id: 12 }
{ id: 13 }
{ id: 11 }
{ id: 14 }
{ id: 15 }
{ id: 16 }
{ id: 17 }
{ id: 18 }
{ id: 19 }
{ id: 20 }
{ id: 21 }
{ id: 22 }
{ id: 23 }
{ id: 24 }
{ id: 25 }
{ id: 26 }
{ id: 27 }
{ id: 28 }
{ id: 29 }
{ id: 30 }
{ id: 31 }
ID EXISTENTES:
[
  { id: 12 }, { id: 13 },
  { id: 11 }, { id: 14 },
  { id: 15 }, { id: 16 },
  { id: 17 }, { id: 18 },
  { id: 19 }, { id: 20 },
  { id: 21 }, { id: 22 },
  { id: 23 }, { id: 24 },
  { id: 25 }, { id: 26 },
  { id: 27 }, { id: 28 },
  { id: 29 }, { id: 30 },
  { id: 31 }
]
{ id: 12 }
{ id: 13 }
{ id: 11 }
{ id: 14 }
{ id: 15 }
{ id: 16 }
{ id: 17 }
{ id: 18 }
{ id: 19 }
{ id: 20 }
{ id: 21 }
{ id: 22 }
{ id: 23 }
{ id: 24 }
{ id: 25 }
{ id: 26 }
{ id: 27 }
{ id: 28 }
{ id: 29 }
{ id: 30 }
{ id: 31 }
ID EXISTENTES:
[
  { id: 12 }, { id: 13 },
  { id: 11 }, { id: 14 },
  { id: 15 }, { id: 16 },
  { id: 17 }, { id: 18 },
  { id: 19 }, { id: 20 },
  { id: 21 }, { id: 22 },
  { id: 23 }, { id: 24 },
  { id: 25 }, { id: 26 },
  { id: 27 }, { id: 28 },
  { id: 29 }, { id: 30 },
  { id: 31 }
]
{ id: 12 }
{ id: 13 }
{ id: 11 }
{ id: 14 }
{ id: 15 }
{ id: 16 }
{ id: 17 }
{ id: 18 }
{ id: 19 }
{ id: 20 }
{ id: 21 }
{ id: 22 }
{ id: 23 }
{ id: 24 }
{ id: 25 }
{ id: 26 }
{ id: 27 }
{ id: 28 }
{ id: 29 }
{ id: 30 }
{ id: 31 }
{ id: 32 }
{ id: 33 }
ID EXISTENTES:
[
  { id: 12 }, { id: 13 }, { id: 11 },
  { id: 14 }, { id: 15 }, { id: 16 },
  { id: 17 }, { id: 18 }, { id: 19 },
  { id: 20 }, { id: 21 }, { id: 22 },
  { id: 23 }, { id: 24 }, { id: 25 },
  { id: 26 }, { id: 27 }, { id: 28 },
  { id: 29 }, { id: 30 }, { id: 31 },
  { id: 32 }, { id: 33 }
]
{ id: 12 }
{ id: 13 }
{ id: 11 }
{ id: 14 }
{ id: 15 }
{ id: 16 }
{ id: 17 }
{ id: 18 }
{ id: 19 }
{ id: 20 }
{ id: 21 }
{ id: 22 }
{ id: 23 }
{ id: 24 }
{ id: 25 }
{ id: 26 }
{ id: 27 }
{ id: 28 }
{ id: 29 }
{ id: 30 }
{ id: 31 }
{ id: 32 }
{ id: 33 }
{ id: 34 }
ID EXISTENTES:
[
  { id: 12 }, { id: 13 }, { id: 11 },
  { id: 14 }, { id: 15 }, { id: 16 },
  { id: 17 }, { id: 18 }, { id: 19 },
  { id: 20 }, { id: 21 }, { id: 22 },
  { id: 23 }, { id: 24 }, { id: 25 },
  { id: 26 }, { id: 27 }, { id: 28 },
  { id: 29 }, { id: 30 }, { id: 31 },
  { id: 32 }, { id: 33 }, { id: 34 }
]
{ id: 12 }
{ id: 13 }
{ id: 11 }
{ id: 14 }
{ id: 15 }
{ id: 16 }
{ id: 17 }
{ id: 18 }
{ id: 19 }
{ id: 20 }
{ id: 21 }
{ id: 22 }
{ id: 23 }
{ id: 24 }
{ id: 25 }
{ id: 26 }
{ id: 27 }
{ id: 28 }
{ id: 29 }
{ id: 30 }
{ id: 31 }
{ id: 32 }
{ id: 33 }
{ id: 34 }
{ id: 35 }
ID EXISTENTES:
[
  { id: 12 }, { id: 13 }, { id: 11 },
  { id: 14 }, { id: 15 }, { id: 16 },
  { id: 17 }, { id: 18 }, { id: 19 },
  { id: 20 }, { id: 21 }, { id: 22 },
  { id: 23 }, { id: 24 }, { id: 25 },
  { id: 26 }, { id: 27 }, { id: 28 },
  { id: 29 }, { id: 30 }, { id: 31 },
  { id: 32 }, { id: 33 }, { id: 34 },
  { id: 35 }
]
{ id: 12 }
{ id: 13 }
{ id: 11 }
{ id: 14 }
{ id: 15 }
{ id: 16 }
{ id: 17 }
{ id: 18 }
{ id: 19 }
{ id: 20 }
{ id: 21 }
{ id: 22 }
{ id: 23 }
{ id: 24 }
{ id: 25 }
{ id: 26 }
{ id: 27 }
{ id: 28 }
{ id: 29 }
{ id: 30 }
{ id: 31 }
{ id: 32 }
{ id: 33 }
{ id: 34 }
{ id: 35 }
{ id: 36 }
ID EXISTENTES:
[
  { id: 12 }, { id: 13 }, { id: 11 },
  { id: 14 }, { id: 15 }, { id: 16 },
  { id: 17 }, { id: 18 }, { id: 19 },
  { id: 20 }, { id: 21 }, { id: 22 },
  { id: 23 }, { id: 24 }, { id: 25 },
  { id: 26 }, { id: 27 }, { id: 28 },
  { id: 29 }, { id: 30 }, { id: 31 },
  { id: 32 }, { id: 33 }, { id: 34 },
  { id: 35 }, { id: 36 }
]
{ id: 12 }
{ id: 13 }
{ id: 11 }
{ id: 14 }
{ id: 15 }
{ id: 16 }
{ id: 17 }
{ id: 18 }
{ id: 19 }
{ id: 20 }
{ id: 21 }
{ id: 22 }
{ id: 23 }
{ id: 24 }
{ id: 25 }
{ id: 26 }
{ id: 27 }
{ id: 28 }
{ id: 29 }
{ id: 30 }
{ id: 31 }
{ id: 32 }
{ id: 33 }
{ id: 34 }
{ id: 35 }
{ id: 36 }
{ id: 37 }
ID EXISTENTES:
[
  { id: 12 }, { id: 13 }, { id: 11 },
  { id: 14 }, { id: 15 }, { id: 16 },
  { id: 17 }, { id: 18 }, { id: 19 },
  { id: 20 }, { id: 21 }, { id: 22 },
  { id: 23 }, { id: 24 }, { id: 25 },
  { id: 26 }, { id: 27 }, { id: 28 },
  { id: 29 }, { id: 30 }, { id: 31 },
  { id: 32 }, { id: 33 }, { id: 34 },
  { id: 35 }, { id: 36 }, { id: 37 }
]
{ id: 12 }
{ id: 13 }
{ id: 11 }
{ id: 14 }
{ id: 15 }
{ id: 16 }
{ id: 17 }
{ id: 18 }
{ id: 19 }
{ id: 20 }
{ id: 21 }
{ id: 22 }
{ id: 23 }
{ id: 24 }
{ id: 25 }
{ id: 26 }
{ id: 27 }
{ id: 28 }
{ id: 29 }
{ id: 30 }
{ id: 31 }
{ id: 32 }
{ id: 33 }
{ id: 34 }
{ id: 35 }
{ id: 36 }
{ id: 37 }
{ id: 38 }
{ id: 39 }
ID EXISTENTES:
[
  { id: 12 }, { id: 13 }, { id: 11 },
  { id: 14 }, { id: 15 }, { id: 16 },
  { id: 17 }, { id: 18 }, { id: 19 },
  { id: 20 }, { id: 21 }, { id: 22 },
  { id: 23 }, { id: 24 }, { id: 25 },
  { id: 26 }, { id: 27 }, { id: 28 },
  { id: 29 }, { id: 30 }, { id: 31 },
  { id: 32 }, { id: 33 }, { id: 34 },
  { id: 35 }, { id: 36 }, { id: 37 },
  { id: 38 }, { id: 39 }
]
{ id: 12 }
{ id: 13 }
{ id: 11 }
{ id: 14 }
{ id: 15 }
{ id: 16 }
{ id: 17 }
{ id: 18 }
{ id: 19 }
{ id: 20 }
{ id: 21 }
{ id: 22 }
{ id: 23 }
{ id: 24 }
{ id: 25 }
{ id: 26 }
{ id: 27 }
{ id: 28 }
{ id: 29 }
{ id: 30 }
{ id: 31 }
{ id: 32 }
{ id: 33 }
{ id: 34 }
{ id: 35 }
{ id: 36 }
{ id: 37 }
{ id: 38 }
{ id: 39 }
ID EXISTENTES:
[
  { id: 12 }, { id: 13 }, { id: 11 },
  { id: 14 }, { id: 15 }, { id: 16 },
  { id: 17 }, { id: 18 }, { id: 19 },
  { id: 20 }, { id: 21 }, { id: 22 },
  { id: 23 }, { id: 24 }, { id: 25 },
  { id: 26 }, { id: 27 }, { id: 28 },
  { id: 29 }, { id: 30 }, { id: 31 },
  { id: 32 }, { id: 33 }, { id: 34 },
  { id: 35 }, { id: 36 }, { id: 37 },
  { id: 38 }, { id: 39 }
]
{ id: 12 }
{ id: 13 }
{ id: 11 }
{ id: 14 }
{ id: 15 }
{ id: 16 }
{ id: 17 }
{ id: 18 }
{ id: 19 }
{ id: 20 }
{ id: 21 }
{ id: 22 }
{ id: 23 }
{ id: 24 }
{ id: 25 }
{ id: 26 }
{ id: 27 }
{ id: 28 }
{ id: 29 }
{ id: 30 }
{ id: 31 }
{ id: 32 }
{ id: 33 }
{ id: 34 }
{ id: 35 }
{ id: 36 }
{ id: 37 }
{ id: 38 }
{ id: 39 }
{ id: 40 }
ID EXISTENTES:
[
  { id: 12 }, { id: 13 }, { id: 11 },
  { id: 14 }, { id: 15 }, { id: 16 },
  { id: 17 }, { id: 18 }, { id: 19 },
  { id: 20 }, { id: 21 }, { id: 22 },
  { id: 23 }, { id: 24 }, { id: 25 },
  { id: 26 }, { id: 27 }, { id: 28 },
  { id: 29 }, { id: 30 }, { id: 31 },
  { id: 32 }, { id: 33 }, { id: 34 },
  { id: 35 }, { id: 36 }, { id: 37 },
  { id: 38 }, { id: 39 }, { id: 40 }
]
{ id: 12 }
{ id: 13 }
{ id: 11 }
{ id: 14 }
{ id: 15 }
{ id: 16 }
{ id: 17 }
{ id: 18 }
{ id: 19 }
{ id: 20 }
{ id: 21 }
{ id: 22 }
{ id: 23 }
{ id: 24 }
{ id: 25 }
{ id: 26 }
{ id: 27 }
{ id: 28 }
{ id: 29 }
{ id: 30 }
{ id: 31 }
{ id: 32 }
{ id: 33 }
{ id: 34 }
{ id: 35 }
{ id: 36 }
{ id: 37 }
{ id: 38 }
{ id: 39 }
{ id: 40 }
{ id: 41 }
ID EXISTENTES:
[
  { id: 12 }, { id: 13 }, { id: 11 },
  { id: 14 }, { id: 15 }, { id: 16 },
  { id: 17 }, { id: 18 }, { id: 19 },
  { id: 20 }, { id: 21 }, { id: 22 },
  { id: 23 }, { id: 24 }, { id: 25 },
  { id: 26 }, { id: 27 }, { id: 28 },
  { id: 29 }, { id: 30 }, { id: 31 },
  { id: 32 }, { id: 33 }, { id: 34 },
  { id: 35 }, { id: 36 }, { id: 37 },
  { id: 38 }, { id: 39 }, { id: 40 },
  { id: 41 }
]
{ id: 12 }
{ id: 13 }
{ id: 11 }
{ id: 14 }
{ id: 15 }
{ id: 16 }
{ id: 17 }
{ id: 18 }
{ id: 19 }
{ id: 20 }
{ id: 21 }
{ id: 22 }
{ id: 23 }
{ id: 24 }
{ id: 25 }
{ id: 26 }
{ id: 27 }
{ id: 28 }
{ id: 29 }
{ id: 30 }
{ id: 31 }
{ id: 32 }
{ id: 33 }
{ id: 34 }
{ id: 35 }
{ id: 36 }
{ id: 37 }
{ id: 38 }
{ id: 39 }
{ id: 40 }
{ id: 41 }
ID EXISTENTES:
[
  { id: 12 }, { id: 13 }, { id: 11 },
  { id: 14 }, { id: 15 }, { id: 16 },
  { id: 17 }, { id: 18 }, { id: 19 },
  { id: 20 }, { id: 21 }, { id: 22 },
  { id: 23 }, { id: 24 }, { id: 25 },
  { id: 26 }, { id: 27 }, { id: 28 },
  { id: 29 }, { id: 30 }, { id: 31 },
  { id: 32 }, { id: 33 }, { id: 34 },
  { id: 35 }, { id: 36 }, { id: 37 },
  { id: 38 }, { id: 39 }, { id: 40 },
  { id: 41 }
]
{ id: 12 }
{ id: 13 }
{ id: 11 }
{ id: 14 }
{ id: 15 }
{ id: 16 }
{ id: 17 }
{ id: 18 }
{ id: 19 }
{ id: 20 }
{ id: 21 }
{ id: 22 }
{ id: 23 }
{ id: 24 }
{ id: 25 }
{ id: 26 }
{ id: 27 }
{ id: 28 }
{ id: 29 }
{ id: 30 }
{ id: 31 }
{ id: 32 }
{ id: 33 }
{ id: 34 }
{ id: 35 }
{ id: 36 }
{ id: 37 }
{ id: 38 }
{ id: 39 }
{ id: 40 }
{ id: 41 }
{ id: 43 }
{ id: 42 }
ID EXISTENTES:
[
  { id: 12 }, { id: 13 }, { id: 11 },
  { id: 14 }, { id: 15 }, { id: 16 },
  { id: 17 }, { id: 18 }, { id: 19 },
  { id: 20 }, { id: 21 }, { id: 22 },
  { id: 23 }, { id: 24 }, { id: 25 },
  { id: 26 }, { id: 27 }, { id: 28 },
  { id: 29 }, { id: 30 }, { id: 31 },
  { id: 32 }, { id: 33 }, { id: 34 },
  { id: 35 }, { id: 36 }, { id: 37 },
  { id: 38 }, { id: 39 }, { id: 40 },
  { id: 41 }, { id: 43 }, { id: 42 }
]
{ id: 12 }
{ id: 13 }
{ id: 11 }
{ id: 14 }
{ id: 15 }
{ id: 16 }
{ id: 17 }
{ id: 18 }
{ id: 19 }
{ id: 20 }
{ id: 21 }
{ id: 22 }
{ id: 23 }
{ id: 24 }
{ id: 25 }
{ id: 26 }
{ id: 27 }
{ id: 28 }
{ id: 29 }
{ id: 30 }
{ id: 31 }
{ id: 32 }
{ id: 33 }
{ id: 34 }
{ id: 35 }
{ id: 36 }
{ id: 37 }
{ id: 38 }
{ id: 39 }
{ id: 40 }
{ id: 41 }
{ id: 43 }
{ id: 42 }
{ id: 45 }
ID EXISTENTES:
[
  { id: 12 }, { id: 13 }, { id: 11 },
  { id: 14 }, { id: 15 }, { id: 16 },
  { id: 17 }, { id: 18 }, { id: 19 },
  { id: 20 }, { id: 21 }, { id: 22 },
  { id: 23 }, { id: 24 }, { id: 25 },
  { id: 26 }, { id: 27 }, { id: 28 },
  { id: 29 }, { id: 30 }, { id: 31 },
  { id: 32 }, { id: 33 }, { id: 34 },
  { id: 35 }, { id: 36 }, { id: 37 },
  { id: 38 }, { id: 39 }, { id: 40 },
  { id: 41 }, { id: 43 }, { id: 42 },
  { id: 45 }
]
{ id: 12 }
{ id: 13 }
{ id: 11 }
{ id: 14 }
{ id: 15 }
{ id: 16 }
{ id: 17 }
{ id: 18 }
{ id: 19 }
{ id: 20 }
{ id: 21 }
{ id: 22 }
{ id: 23 }
{ id: 24 }
{ id: 25 }
{ id: 26 }
{ id: 27 }
{ id: 28 }
{ id: 29 }
{ id: 30 }
{ id: 31 }
{ id: 32 }
{ id: 33 }
{ id: 34 }
{ id: 35 }
{ id: 36 }
{ id: 37 }
{ id: 38 }
{ id: 39 }
{ id: 40 }
{ id: 41 }
{ id: 43 }
{ id: 42 }
{ id: 45 }
{ id: 44 }
ID EXISTENTES:
[
  { id: 12 }, { id: 13 }, { id: 11 },
  { id: 14 }, { id: 15 }, { id: 16 },
  { id: 17 }, { id: 18 }, { id: 19 },
  { id: 20 }, { id: 21 }, { id: 22 },
  { id: 23 }, { id: 24 }, { id: 25 },
  { id: 26 }, { id: 27 }, { id: 28 },
  { id: 29 }, { id: 30 }, { id: 31 },
  { id: 32 }, { id: 33 }, { id: 34 },
  { id: 35 }, { id: 36 }, { id: 37 },
  { id: 38 }, { id: 39 }, { id: 40 },
  { id: 41 }, { id: 43 }, { id: 42 },
  { id: 45 }, { id: 44 }
]
{ id: 12 }
{ id: 13 }
{ id: 11 }
{ id: 14 }
{ id: 15 }
{ id: 16 }
{ id: 17 }
{ id: 18 }
{ id: 19 }
{ id: 20 }
{ id: 21 }
{ id: 22 }
{ id: 23 }
{ id: 24 }
{ id: 25 }
{ id: 26 }
{ id: 27 }
{ id: 28 }
{ id: 29 }
{ id: 30 }
{ id: 31 }
{ id: 32 }
{ id: 33 }
{ id: 34 }
{ id: 35 }
{ id: 36 }
{ id: 37 }
{ id: 38 }
{ id: 39 }
{ id: 40 }
{ id: 41 }
{ id: 43 }
{ id: 42 }
{ id: 45 }
{ id: 44 }
ID EXISTENTES:
[
  { id: 12 }, { id: 13 }, { id: 11 },
  { id: 14 }, { id: 15 }, { id: 16 },
  { id: 17 }, { id: 18 }, { id: 19 },
  { id: 20 }, { id: 21 }, { id: 22 },
  { id: 23 }, { id: 24 }, { id: 25 },
  { id: 26 }, { id: 27 }, { id: 28 },
  { id: 29 }, { id: 30 }, { id: 31 },
  { id: 32 }, { id: 33 }, { id: 34 },
  { id: 35 }, { id: 36 }, { id: 37 },
  { id: 38 }, { id: 39 }, { id: 40 },
  { id: 41 }, { id: 43 }, { id: 42 },
  { id: 45 }, { id: 44 }
]
{ id: 12 }
{ id: 13 }
{ id: 11 }
{ id: 14 }
{ id: 15 }
{ id: 16 }
{ id: 17 }
{ id: 18 }
{ id: 19 }
{ id: 20 }
{ id: 21 }
{ id: 22 }
{ id: 23 }
{ id: 24 }
{ id: 25 }
{ id: 26 }
{ id: 27 }
{ id: 28 }
{ id: 29 }
{ id: 30 }
{ id: 31 }
{ id: 32 }
{ id: 33 }
{ id: 34 }
{ id: 35 }
{ id: 36 }
{ id: 37 }
{ id: 38 }
{ id: 39 }
{ id: 40 }
{ id: 41 }
{ id: 43 }
{ id: 42 }
{ id: 45 }
{ id: 44 }
{ id: 46 }
{ id: 47 }
ID EXISTENTES:
[
  { id: 12 }, { id: 13 }, { id: 11 },
  { id: 14 }, { id: 15 }, { id: 16 },
  { id: 17 }, { id: 18 }, { id: 19 },
  { id: 20 }, { id: 21 }, { id: 22 },
  { id: 23 }, { id: 24 }, { id: 25 },
  { id: 26 }, { id: 27 }, { id: 28 },
  { id: 29 }, { id: 30 }, { id: 31 },
  { id: 32 }, { id: 33 }, { id: 34 },
  { id: 35 }, { id: 36 }, { id: 37 },
  { id: 38 }, { id: 39 }, { id: 40 },
  { id: 41 }, { id: 43 }, { id: 42 },
  { id: 45 }, { id: 44 }, { id: 46 },
  { id: 47 }
]
{ id: 12 }
{ id: 13 }
{ id: 11 }
{ id: 14 }
{ id: 15 }
{ id: 16 }
{ id: 17 }
{ id: 18 }
{ id: 19 }
{ id: 20 }
{ id: 21 }
{ id: 22 }
{ id: 23 }
{ id: 24 }
{ id: 25 }
{ id: 26 }
{ id: 27 }
{ id: 28 }
{ id: 29 }
{ id: 30 }
{ id: 31 }
{ id: 32 }
{ id: 33 }
{ id: 34 }
{ id: 35 }
{ id: 36 }
{ id: 37 }
{ id: 38 }
{ id: 39 }
{ id: 40 }
{ id: 41 }
{ id: 43 }
{ id: 42 }
{ id: 45 }
{ id: 44 }
{ id: 46 }
{ id: 47 }
{ id: 48 }
{ id: 49 }
ID EXISTENTES:
[
  { id: 12 }, { id: 13 }, { id: 11 },
  { id: 14 }, { id: 15 }, { id: 16 },
  { id: 17 }, { id: 18 }, { id: 19 },
  { id: 20 }, { id: 21 }, { id: 22 },
  { id: 23 }, { id: 24 }, { id: 25 },
  { id: 26 }, { id: 27 }, { id: 28 },
  { id: 29 }, { id: 30 }, { id: 31 },
  { id: 32 }, { id: 33 }, { id: 34 },
  { id: 35 }, { id: 36 }, { id: 37 },
  { id: 38 }, { id: 39 }, { id: 40 },
  { id: 41 }, { id: 43 }, { id: 42 },
  { id: 45 }, { id: 44 }, { id: 46 },
  { id: 47 }, { id: 48 }, { id: 49 }
]
{ id: 12 }
{ id: 13 }
{ id: 11 }
{ id: 14 }
{ id: 15 }
{ id: 16 }
{ id: 17 }
{ id: 18 }
{ id: 19 }
{ id: 20 }
{ id: 21 }
{ id: 22 }
{ id: 23 }
{ id: 24 }
{ id: 25 }
{ id: 26 }
{ id: 27 }
{ id: 28 }
{ id: 29 }
{ id: 30 }
{ id: 31 }
{ id: 32 }
{ id: 33 }
{ id: 34 }
{ id: 35 }
{ id: 36 }
{ id: 37 }
{ id: 38 }
{ id: 39 }
{ id: 40 }
{ id: 41 }
{ id: 43 }
{ id: 42 }
{ id: 45 }
{ id: 44 }
{ id: 46 }
{ id: 47 }
{ id: 48 }
{ id: 49 }
ID EXISTENTES:
[
  { id: 12 }, { id: 13 }, { id: 11 },
  { id: 14 }, { id: 15 }, { id: 16 },
  { id: 17 }, { id: 18 }, { id: 19 },
  { id: 20 }, { id: 21 }, { id: 22 },
  { id: 23 }, { id: 24 }, { id: 25 },
  { id: 26 }, { id: 27 }, { id: 28 },
  { id: 29 }, { id: 30 }, { id: 31 },
  { id: 32 }, { id: 33 }, { id: 34 },
  { id: 35 }, { id: 36 }, { id: 37 },
  { id: 38 }, { id: 39 }, { id: 40 },
  { id: 41 }, { id: 43 }, { id: 42 },
  { id: 45 }, { id: 44 }, { id: 46 },
  { id: 47 }, { id: 48 }, { id: 49 }
]
WARN : Ya existe Registro con el ID propuesto.
WARN : Ya existe Registro con el ID propuesto.
WARN : Ya existe Registro con el ID propuesto.
{ id: 12 }
{ id: 13 }
{ id: 11 }
{ id: 14 }
{ id: 15 }
{ id: 16 }
{ id: 17 }
{ id: 18 }
{ id: 19 }
{ id: 20 }
{ id: 21 }
{ id: 22 }
{ id: 23 }
{ id: 24 }
{ id: 25 }
{ id: 26 }
{ id: 27 }
{ id: 28 }
{ id: 29 }
{ id: 30 }
{ id: 31 }
{ id: 32 }
{ id: 33 }
{ id: 34 }
{ id: 35 }
{ id: 36 }
{ id: 37 }
{ id: 38 }
{ id: 39 }
{ id: 40 }
{ id: 41 }
{ id: 43 }
{ id: 42 }
{ id: 45 }
{ id: 44 }
{ id: 46 }
{ id: 47 }
{ id: 48 }
{ id: 49 }
ID EXISTENTES:
[
  { id: 12 }, { id: 13 }, { id: 11 },
  { id: 14 }, { id: 15 }, { id: 16 },
  { id: 17 }, { id: 18 }, { id: 19 },
  { id: 20 }, { id: 21 }, { id: 22 },
  { id: 23 }, { id: 24 }, { id: 25 },
  { id: 26 }, { id: 27 }, { id: 28 },
  { id: 29 }, { id: 30 }, { id: 31 },
  { id: 32 }, { id: 33 }, { id: 34 },
  { id: 35 }, { id: 36 }, { id: 37 },
  { id: 38 }, { id: 39 }, { id: 40 },
  { id: 41 }, { id: 43 }, { id: 42 },
  { id: 45 }, { id: 44 }, { id: 46 },
  { id: 47 }, { id: 48 }, { id: 49 }
]
{ id: 12 }
{ id: 13 }
{ id: 11 }
{ id: 14 }
{ id: 15 }
{ id: 16 }
{ id: 17 }
{ id: 18 }
{ id: 19 }
{ id: 20 }
{ id: 21 }
{ id: 22 }
{ id: 23 }
{ id: 24 }
{ id: 25 }
{ id: 26 }
{ id: 27 }
{ id: 28 }
{ id: 29 }
{ id: 30 }
{ id: 31 }
{ id: 32 }
{ id: 33 }
{ id: 34 }
{ id: 35 }
{ id: 36 }
{ id: 37 }
{ id: 38 }
{ id: 39 }
{ id: 40 }
{ id: 41 }
{ id: 43 }
{ id: 42 }
{ id: 45 }
{ id: 44 }
{ id: 46 }
{ id: 47 }
{ id: 48 }
{ id: 49 }
ID EXISTENTES:
[
  { id: 12 }, { id: 13 }, { id: 11 },
  { id: 14 }, { id: 15 }, { id: 16 },
  { id: 17 }, { id: 18 }, { id: 19 },
  { id: 20 }, { id: 21 }, { id: 22 },
  { id: 23 }, { id: 24 }, { id: 25 },
  { id: 26 }, { id: 27 }, { id: 28 },
  { id: 29 }, { id: 30 }, { id: 31 },
  { id: 32 }, { id: 33 }, { id: 34 },
  { id: 35 }, { id: 36 }, { id: 37 },
  { id: 38 }, { id: 39 }, { id: 40 },
  { id: 41 }, { id: 43 }, { id: 42 },
  { id: 45 }, { id: 44 }, { id: 46 },
  { id: 47 }, { id: 48 }, { id: 49 }
]
{ id: 12 }
{ id: 13 }
{ id: 11 }
{ id: 14 }
{ id: 15 }
{ id: 16 }
{ id: 17 }
{ id: 18 }
{ id: 19 }
{ id: 20 }
{ id: 21 }
{ id: 22 }
{ id: 23 }
{ id: 24 }
{ id: 25 }
{ id: 26 }
{ id: 27 }
{ id: 28 }
{ id: 29 }
{ id: 30 }
{ id: 31 }
{ id: 32 }
{ id: 33 }
{ id: 34 }
{ id: 35 }
{ id: 36 }
{ id: 37 }
{ id: 38 }
{ id: 39 }
{ id: 40 }
{ id: 41 }
{ id: 43 }
{ id: 42 }
{ id: 45 }
{ id: 44 }
{ id: 46 }
{ id: 47 }
{ id: 48 }
{ id: 49 }
ID EXISTENTES:
[
  { id: 12 }, { id: 13 }, { id: 11 },
  { id: 14 }, { id: 15 }, { id: 16 },
  { id: 17 }, { id: 18 }, { id: 19 },
  { id: 20 }, { id: 21 }, { id: 22 },
  { id: 23 }, { id: 24 }, { id: 25 },
  { id: 26 }, { id: 27 }, { id: 28 },
  { id: 29 }, { id: 30 }, { id: 31 },
  { id: 32 }, { id: 33 }, { id: 34 },
  { id: 35 }, { id: 36 }, { id: 37 },
  { id: 38 }, { id: 39 }, { id: 40 },
  { id: 41 }, { id: 43 }, { id: 42 },
  { id: 45 }, { id: 44 }, { id: 46 },
  { id: 47 }, { id: 48 }, { id: 49 }
]
WARN : Ya existe Registro con el ID propuesto.
WARN : Ya existe Registro con el ID propuesto.
WARN : Ya existe Registro con el ID propuesto.
{ id: 12 }
{ id: 13 }
{ id: 11 }
{ id: 14 }
{ id: 15 }
{ id: 16 }
{ id: 17 }
{ id: 18 }
{ id: 19 }
{ id: 20 }
{ id: 21 }
{ id: 22 }
{ id: 23 }
{ id: 24 }
{ id: 25 }
{ id: 26 }
{ id: 27 }
{ id: 28 }
{ id: 29 }
{ id: 30 }
{ id: 31 }
{ id: 32 }
{ id: 33 }
{ id: 34 }
{ id: 35 }
{ id: 36 }
{ id: 37 }
{ id: 38 }
{ id: 39 }
{ id: 40 }
{ id: 41 }
{ id: 43 }
{ id: 42 }
{ id: 45 }
{ id: 44 }
{ id: 46 }
{ id: 47 }
{ id: 48 }
{ id: 49 }
ID EXISTENTES:
[
  { id: 12 }, { id: 13 }, { id: 11 },
  { id: 14 }, { id: 15 }, { id: 16 },
  { id: 17 }, { id: 18 }, { id: 19 },
  { id: 20 }, { id: 21 }, { id: 22 },
  { id: 23 }, { id: 24 }, { id: 25 },
  { id: 26 }, { id: 27 }, { id: 28 },
  { id: 29 }, { id: 30 }, { id: 31 },
  { id: 32 }, { id: 33 }, { id: 34 },
  { id: 35 }, { id: 36 }, { id: 37 },
  { id: 38 }, { id: 39 }, { id: 40 },
  { id: 41 }, { id: 43 }, { id: 42 },
  { id: 45 }, { id: 44 }, { id: 46 },
  { id: 47 }, { id: 48 }, { id: 49 }
]
WARN : Ya existe Registro con el ID propuesto.
WARN : Ya existe Registro con el ID propuesto.
WARN : Ya existe Registro con el ID propuesto.
{ id: 12 }
{ id: 13 }
{ id: 11 }
{ id: 14 }
{ id: 15 }
{ id: 16 }
{ id: 17 }
{ id: 18 }
{ id: 19 }
{ id: 20 }
{ id: 21 }
{ id: 22 }
{ id: 23 }
{ id: 24 }
{ id: 25 }
{ id: 26 }
{ id: 27 }
{ id: 28 }
{ id: 29 }
{ id: 30 }
{ id: 31 }
{ id: 32 }
{ id: 33 }
{ id: 34 }
{ id: 35 }
{ id: 36 }
{ id: 37 }
{ id: 38 }
{ id: 39 }
{ id: 40 }
{ id: 41 }
{ id: 43 }
{ id: 42 }
{ id: 45 }
{ id: 44 }
{ id: 46 }
{ id: 47 }
{ id: 48 }
{ id: 49 }
ID EXISTENTES:
[
  { id: 12 }, { id: 13 }, { id: 11 },
  { id: 14 }, { id: 15 }, { id: 16 },
  { id: 17 }, { id: 18 }, { id: 19 },
  { id: 20 }, { id: 21 }, { id: 22 },
  { id: 23 }, { id: 24 }, { id: 25 },
  { id: 26 }, { id: 27 }, { id: 28 },
  { id: 29 }, { id: 30 }, { id: 31 },
  { id: 32 }, { id: 33 }, { id: 34 },
  { id: 35 }, { id: 36 }, { id: 37 },
  { id: 38 }, { id: 39 }, { id: 40 },
  { id: 41 }, { id: 43 }, { id: 42 },
  { id: 45 }, { id: 44 }, { id: 46 },
  { id: 47 }, { id: 48 }, { id: 49 }
]
WARN : Ya existe Registro con el ID propuesto.
{ id: 12 }
{ id: 13 }
{ id: 11 }
{ id: 14 }
{ id: 15 }
{ id: 16 }
{ id: 17 }
{ id: 18 }
{ id: 19 }
{ id: 20 }
{ id: 21 }
{ id: 22 }
{ id: 23 }
{ id: 24 }
{ id: 25 }
{ id: 26 }
{ id: 27 }
{ id: 28 }
{ id: 29 }
{ id: 30 }
{ id: 31 }
{ id: 32 }
{ id: 33 }
{ id: 34 }
{ id: 35 }
{ id: 36 }
{ id: 37 }
{ id: 38 }
{ id: 39 }
{ id: 40 }
{ id: 41 }
{ id: 43 }
{ id: 42 }
{ id: 45 }
{ id: 44 }
{ id: 46 }
{ id: 47 }
{ id: 48 }
{ id: 49 }
ID EXISTENTES:
[
  { id: 12 }, { id: 13 }, { id: 11 },
  { id: 14 }, { id: 15 }, { id: 16 },
  { id: 17 }, { id: 18 }, { id: 19 },
  { id: 20 }, { id: 21 }, { id: 22 },
  { id: 23 }, { id: 24 }, { id: 25 },
  { id: 26 }, { id: 27 }, { id: 28 },
  { id: 29 }, { id: 30 }, { id: 31 },
  { id: 32 }, { id: 33 }, { id: 34 },
  { id: 35 }, { id: 36 }, { id: 37 },
  { id: 38 }, { id: 39 }, { id: 40 },
  { id: 41 }, { id: 43 }, { id: 42 },
  { id: 45 }, { id: 44 }, { id: 46 },
  { id: 47 }, { id: 48 }, { id: 49 }
]
WARN : Ya existe Registro con el ID propuesto.
WARN : Ya existe Registro con el ID propuesto.
{ id: 12 }
{ id: 13 }
{ id: 11 }
{ id: 14 }
{ id: 15 }
{ id: 16 }
{ id: 17 }
{ id: 18 }
{ id: 19 }
{ id: 20 }
{ id: 21 }
{ id: 22 }
{ id: 23 }
{ id: 24 }
{ id: 25 }
{ id: 26 }
{ id: 27 }
{ id: 28 }
{ id: 29 }
{ id: 30 }
{ id: 31 }
{ id: 32 }
{ id: 33 }
{ id: 34 }
{ id: 35 }
{ id: 36 }
{ id: 37 }
{ id: 38 }
{ id: 39 }
{ id: 40 }
{ id: 41 }
{ id: 43 }
{ id: 42 }
{ id: 45 }
{ id: 44 }
{ id: 46 }
{ id: 47 }
{ id: 48 }
{ id: 49 }
ID EXISTENTES:
[
  { id: 12 }, { id: 13 }, { id: 11 },
  { id: 14 }, { id: 15 }, { id: 16 },
  { id: 17 }, { id: 18 }, { id: 19 },
  { id: 20 }, { id: 21 }, { id: 22 },
  { id: 23 }, { id: 24 }, { id: 25 },
  { id: 26 }, { id: 27 }, { id: 28 },
  { id: 29 }, { id: 30 }, { id: 31 },
  { id: 32 }, { id: 33 }, { id: 34 },
  { id: 35 }, { id: 36 }, { id: 37 },
  { id: 38 }, { id: 39 }, { id: 40 },
  { id: 41 }, { id: 43 }, { id: 42 },
  { id: 45 }, { id: 44 }, { id: 46 },
  { id: 47 }, { id: 48 }, { id: 49 }
]
WARN : Ya existe Registro con el ID propuesto.
{ id: 12 }
{ id: 13 }
{ id: 11 }
{ id: 14 }
{ id: 15 }
{ id: 16 }
{ id: 17 }
{ id: 18 }
{ id: 19 }
{ id: 20 }
{ id: 21 }
{ id: 22 }
{ id: 23 }
{ id: 24 }
{ id: 25 }
{ id: 26 }
{ id: 27 }
{ id: 28 }
{ id: 29 }
{ id: 30 }
{ id: 31 }
{ id: 32 }
{ id: 33 }
{ id: 34 }
{ id: 35 }
{ id: 36 }
{ id: 37 }
{ id: 38 }
{ id: 39 }
{ id: 40 }
{ id: 41 }
{ id: 43 }
{ id: 42 }
{ id: 45 }
{ id: 44 }
{ id: 46 }
{ id: 47 }
{ id: 48 }
{ id: 49 }
ID EXISTENTES:
[
  { id: 12 }, { id: 13 }, { id: 11 },
  { id: 14 }, { id: 15 }, { id: 16 },
  { id: 17 }, { id: 18 }, { id: 19 },
  { id: 20 }, { id: 21 }, { id: 22 },
  { id: 23 }, { id: 24 }, { id: 25 },
  { id: 26 }, { id: 27 }, { id: 28 },
  { id: 29 }, { id: 30 }, { id: 31 },
  { id: 32 }, { id: 33 }, { id: 34 },
  { id: 35 }, { id: 36 }, { id: 37 },
  { id: 38 }, { id: 39 }, { id: 40 },
  { id: 41 }, { id: 43 }, { id: 42 },
  { id: 45 }, { id: 44 }, { id: 46 },
  { id: 47 }, { id: 48 }, { id: 49 }
]
{ id: 12 }
{ id: 13 }
{ id: 11 }
{ id: 14 }
{ id: 15 }
{ id: 16 }
{ id: 17 }
{ id: 18 }
{ id: 19 }
{ id: 20 }
{ id: 21 }
{ id: 22 }
{ id: 23 }
{ id: 24 }
{ id: 25 }
{ id: 26 }
{ id: 27 }
{ id: 28 }
{ id: 29 }
{ id: 30 }
{ id: 31 }
{ id: 32 }
{ id: 33 }
{ id: 34 }
{ id: 35 }
{ id: 36 }
{ id: 37 }
{ id: 38 }
{ id: 39 }
{ id: 40 }
{ id: 41 }
{ id: 43 }
{ id: 42 }
{ id: 45 }
{ id: 44 }
{ id: 46 }
{ id: 47 }
{ id: 48 }
{ id: 49 }
ID EXISTENTES:
[
  { id: 12 }, { id: 13 }, { id: 11 },
  { id: 14 }, { id: 15 }, { id: 16 },
  { id: 17 }, { id: 18 }, { id: 19 },
  { id: 20 }, { id: 21 }, { id: 22 },
  { id: 23 }, { id: 24 }, { id: 25 },
  { id: 26 }, { id: 27 }, { id: 28 },
  { id: 29 }, { id: 30 }, { id: 31 },
  { id: 32 }, { id: 33 }, { id: 34 },
  { id: 35 }, { id: 36 }, { id: 37 },
  { id: 38 }, { id: 39 }, { id: 40 },
  { id: 41 }, { id: 43 }, { id: 42 },
  { id: 45 }, { id: 44 }, { id: 46 },
  { id: 47 }, { id: 48 }, { id: 49 }
]
WARN : Ya existe Registro con el ID propuesto.
{ id: 12 }
{ id: 13 }
{ id: 11 }
{ id: 14 }
{ id: 15 }
{ id: 16 }
{ id: 17 }
{ id: 18 }
{ id: 19 }
{ id: 20 }
{ id: 21 }
{ id: 22 }
{ id: 23 }
{ id: 24 }
{ id: 25 }
{ id: 26 }
{ id: 27 }
{ id: 28 }
{ id: 29 }
{ id: 30 }
{ id: 31 }
{ id: 32 }
{ id: 33 }
{ id: 34 }
{ id: 35 }
{ id: 36 }
{ id: 37 }
{ id: 38 }
{ id: 39 }
{ id: 40 }
{ id: 41 }
{ id: 43 }
{ id: 42 }
{ id: 45 }
{ id: 44 }
{ id: 46 }
{ id: 47 }
{ id: 48 }
{ id: 49 }
ID EXISTENTES:
[
  { id: 12 }, { id: 13 }, { id: 11 },
  { id: 14 }, { id: 15 }, { id: 16 },
  { id: 17 }, { id: 18 }, { id: 19 },
  { id: 20 }, { id: 21 }, { id: 22 },
  { id: 23 }, { id: 24 }, { id: 25 },
  { id: 26 }, { id: 27 }, { id: 28 },
  { id: 29 }, { id: 30 }, { id: 31 },
  { id: 32 }, { id: 33 }, { id: 34 },
  { id: 35 }, { id: 36 }, { id: 37 },
  { id: 38 }, { id: 39 }, { id: 40 },
  { id: 41 }, { id: 43 }, { id: 42 },
  { id: 45 }, { id: 44 }, { id: 46 },
  { id: 47 }, { id: 48 }, { id: 49 }
]
{ id: 12 }
{ id: 13 }
{ id: 11 }
{ id: 14 }
{ id: 15 }
{ id: 16 }
{ id: 17 }
{ id: 18 }
{ id: 19 }
{ id: 20 }
{ id: 21 }
{ id: 22 }
{ id: 23 }
{ id: 24 }
{ id: 25 }
{ id: 26 }
{ id: 27 }
{ id: 28 }
{ id: 29 }
{ id: 30 }
{ id: 31 }
{ id: 32 }
{ id: 33 }
{ id: 34 }
{ id: 35 }
{ id: 36 }
{ id: 37 }
{ id: 38 }
{ id: 39 }
{ id: 40 }
{ id: 41 }
{ id: 43 }
{ id: 42 }
{ id: 45 }
{ id: 44 }
{ id: 46 }
{ id: 47 }
{ id: 48 }
{ id: 49 }
ID EXISTENTES:
[
  { id: 12 }, { id: 13 }, { id: 11 },
  { id: 14 }, { id: 15 }, { id: 16 },
  { id: 17 }, { id: 18 }, { id: 19 },
  { id: 20 }, { id: 21 }, { id: 22 },
  { id: 23 }, { id: 24 }, { id: 25 },
  { id: 26 }, { id: 27 }, { id: 28 },
  { id: 29 }, { id: 30 }, { id: 31 },
  { id: 32 }, { id: 33 }, { id: 34 },
  { id: 35 }, { id: 36 }, { id: 37 },
  { id: 38 }, { id: 39 }, { id: 40 },
  { id: 41 }, { id: 43 }, { id: 42 },
  { id: 45 }, { id: 44 }, { id: 46 },
  { id: 47 }, { id: 48 }, { id: 49 }
]
{ id: 12 }
{ id: 13 }
{ id: 11 }
{ id: 14 }
{ id: 15 }
{ id: 16 }
{ id: 17 }
{ id: 18 }
{ id: 19 }
{ id: 20 }
{ id: 21 }
{ id: 22 }
{ id: 23 }
{ id: 24 }
{ id: 25 }
{ id: 26 }
{ id: 27 }
{ id: 28 }
{ id: 29 }
{ id: 30 }
{ id: 31 }
{ id: 32 }
{ id: 33 }
{ id: 34 }
{ id: 35 }
{ id: 36 }
{ id: 37 }
{ id: 38 }
{ id: 39 }
{ id: 40 }
{ id: 41 }
{ id: 43 }
{ id: 42 }
{ id: 45 }
{ id: 44 }
{ id: 46 }
{ id: 47 }
{ id: 48 }
{ id: 49 }
ID EXISTENTES:
[
  { id: 12 }, { id: 13 }, { id: 11 },
  { id: 14 }, { id: 15 }, { id: 16 },
  { id: 17 }, { id: 18 }, { id: 19 },
  { id: 20 }, { id: 21 }, { id: 22 },
  { id: 23 }, { id: 24 }, { id: 25 },
  { id: 26 }, { id: 27 }, { id: 28 },
  { id: 29 }, { id: 30 }, { id: 31 },
  { id: 32 }, { id: 33 }, { id: 34 },
  { id: 35 }, { id: 36 }, { id: 37 },
  { id: 38 }, { id: 39 }, { id: 40 },
  { id: 41 }, { id: 43 }, { id: 42 },
  { id: 45 }, { id: 44 }, { id: 46 },
  { id: 47 }, { id: 48 }, { id: 49 }
]
{ id: 12 }
{ id: 13 }
{ id: 11 }
{ id: 14 }
{ id: 15 }
{ id: 16 }
{ id: 17 }
{ id: 18 }
{ id: 19 }
{ id: 20 }
{ id: 21 }
{ id: 22 }
{ id: 23 }
{ id: 24 }
{ id: 25 }
{ id: 26 }
{ id: 27 }
{ id: 28 }
{ id: 29 }
{ id: 30 }
{ id: 31 }
{ id: 32 }
{ id: 33 }
{ id: 34 }
{ id: 35 }
{ id: 36 }
{ id: 37 }
{ id: 38 }
{ id: 39 }
{ id: 40 }
{ id: 41 }
{ id: 43 }
{ id: 42 }
{ id: 45 }
{ id: 44 }
{ id: 46 }
{ id: 47 }
{ id: 48 }
{ id: 49 }
ID EXISTENTES:
[
  { id: 12 }, { id: 13 }, { id: 11 },
  { id: 14 }, { id: 15 }, { id: 16 },
  { id: 17 }, { id: 18 }, { id: 19 },
  { id: 20 }, { id: 21 }, { id: 22 },
  { id: 23 }, { id: 24 }, { id: 25 },
  { id: 26 }, { id: 27 }, { id: 28 },
  { id: 29 }, { id: 30 }, { id: 31 },
  { id: 32 }, { id: 33 }, { id: 34 },
  { id: 35 }, { id: 36 }, { id: 37 },
  { id: 38 }, { id: 39 }, { id: 40 },
  { id: 41 }, { id: 43 }, { id: 42 },
  { id: 45 }, { id: 44 }, { id: 46 },
  { id: 47 }, { id: 48 }, { id: 49 }
]
WARN : Ya existe Registro con el ID propuesto.
WARN : Ya existe Registro con el ID propuesto.
{ id: 12 }
{ id: 13 }
{ id: 11 }
{ id: 14 }
{ id: 15 }
{ id: 16 }
{ id: 17 }
{ id: 18 }
{ id: 19 }
{ id: 20 }
{ id: 21 }
{ id: 22 }
{ id: 23 }
{ id: 24 }
{ id: 25 }
{ id: 26 }
{ id: 27 }
{ id: 28 }
{ id: 29 }
{ id: 30 }
{ id: 31 }
{ id: 32 }
{ id: 33 }
{ id: 34 }
{ id: 35 }
{ id: 36 }
{ id: 37 }
{ id: 38 }
{ id: 39 }
{ id: 40 }
{ id: 41 }
{ id: 43 }
{ id: 42 }
{ id: 45 }
{ id: 44 }
{ id: 46 }
{ id: 47 }
{ id: 48 }
{ id: 49 }
ID EXISTENTES:
[
  { id: 12 }, { id: 13 }, { id: 11 },
  { id: 14 }, { id: 15 }, { id: 16 },
  { id: 17 }, { id: 18 }, { id: 19 },
  { id: 20 }, { id: 21 }, { id: 22 },
  { id: 23 }, { id: 24 }, { id: 25 },
  { id: 26 }, { id: 27 }, { id: 28 },
  { id: 29 }, { id: 30 }, { id: 31 },
  { id: 32 }, { id: 33 }, { id: 34 },
  { id: 35 }, { id: 36 }, { id: 37 },
  { id: 38 }, { id: 39 }, { id: 40 },
  { id: 41 }, { id: 43 }, { id: 42 },
  { id: 45 }, { id: 44 }, { id: 46 },
  { id: 47 }, { id: 48 }, { id: 49 }
]
WARN : Ya existe Registro con el ID propuesto.
{ id: 12 }
{ id: 13 }
{ id: 11 }
{ id: 14 }
{ id: 15 }
{ id: 16 }
{ id: 17 }
{ id: 18 }
{ id: 19 }
{ id: 20 }
{ id: 21 }
{ id: 22 }
{ id: 23 }
{ id: 24 }
{ id: 25 }
{ id: 26 }
{ id: 27 }
{ id: 28 }
{ id: 29 }
{ id: 30 }
{ id: 31 }
{ id: 32 }
{ id: 33 }
{ id: 34 }
{ id: 35 }
{ id: 36 }
{ id: 37 }
{ id: 38 }
{ id: 39 }
{ id: 40 }
{ id: 41 }
{ id: 43 }
{ id: 42 }
{ id: 45 }
{ id: 44 }
{ id: 46 }
{ id: 47 }
{ id: 48 }
{ id: 49 }
ID EXISTENTES:
[
  { id: 12 }, { id: 13 }, { id: 11 },
  { id: 14 }, { id: 15 }, { id: 16 },
  { id: 17 }, { id: 18 }, { id: 19 },
  { id: 20 }, { id: 21 }, { id: 22 },
  { id: 23 }, { id: 24 }, { id: 25 },
  { id: 26 }, { id: 27 }, { id: 28 },
  { id: 29 }, { id: 30 }, { id: 31 },
  { id: 32 }, { id: 33 }, { id: 34 },
  { id: 35 }, { id: 36 }, { id: 37 },
  { id: 38 }, { id: 39 }, { id: 40 },
  { id: 41 }, { id: 43 }, { id: 42 },
  { id: 45 }, { id: 44 }, { id: 46 },
  { id: 47 }, { id: 48 }, { id: 49 }
]
WARN : Ya existe Registro con el ID propuesto.
WARN : Ya existe Registro con el ID propuesto.
{ id: 12 }
{ id: 13 }
{ id: 11 }
{ id: 14 }
{ id: 15 }
{ id: 16 }
{ id: 17 }
{ id: 18 }
{ id: 19 }
{ id: 20 }
{ id: 21 }
{ id: 22 }
{ id: 23 }
{ id: 24 }
{ id: 25 }
{ id: 26 }
{ id: 27 }
{ id: 28 }
{ id: 29 }
{ id: 30 }
{ id: 31 }
{ id: 32 }
{ id: 33 }
{ id: 34 }
{ id: 35 }
{ id: 36 }
{ id: 37 }
{ id: 38 }
{ id: 39 }
{ id: 40 }
{ id: 41 }
{ id: 43 }
{ id: 42 }
{ id: 45 }
{ id: 44 }
{ id: 46 }
{ id: 47 }
{ id: 48 }
{ id: 49 }
ID EXISTENTES:
[
  { id: 12 }, { id: 13 }, { id: 11 },
  { id: 14 }, { id: 15 }, { id: 16 },
  { id: 17 }, { id: 18 }, { id: 19 },
  { id: 20 }, { id: 21 }, { id: 22 },
  { id: 23 }, { id: 24 }, { id: 25 },
  { id: 26 }, { id: 27 }, { id: 28 },
  { id: 29 }, { id: 30 }, { id: 31 },
  { id: 32 }, { id: 33 }, { id: 34 },
  { id: 35 }, { id: 36 }, { id: 37 },
  { id: 38 }, { id: 39 }, { id: 40 },
  { id: 41 }, { id: 43 }, { id: 42 },
  { id: 45 }, { id: 44 }, { id: 46 },
  { id: 47 }, { id: 48 }, { id: 49 }
]
{ id: 12 }
{ id: 13 }
{ id: 11 }
{ id: 14 }
{ id: 15 }
{ id: 16 }
{ id: 17 }
{ id: 18 }
{ id: 19 }
{ id: 20 }
{ id: 21 }
{ id: 22 }
{ id: 23 }
{ id: 24 }
{ id: 25 }
{ id: 26 }
{ id: 27 }
{ id: 28 }
{ id: 29 }
{ id: 30 }
{ id: 31 }
{ id: 32 }
{ id: 33 }
{ id: 34 }
{ id: 35 }
{ id: 36 }
{ id: 37 }
{ id: 38 }
{ id: 39 }
{ id: 40 }
{ id: 41 }
{ id: 43 }
{ id: 42 }
{ id: 45 }
{ id: 44 }
{ id: 46 }
{ id: 47 }
{ id: 48 }
{ id: 49 }
ID EXISTENTES:
[
  { id: 12 }, { id: 13 }, { id: 11 },
  { id: 14 }, { id: 15 }, { id: 16 },
  { id: 17 }, { id: 18 }, { id: 19 },
  { id: 20 }, { id: 21 }, { id: 22 },
  { id: 23 }, { id: 24 }, { id: 25 },
  { id: 26 }, { id: 27 }, { id: 28 },
  { id: 29 }, { id: 30 }, { id: 31 },
  { id: 32 }, { id: 33 }, { id: 34 },
  { id: 35 }, { id: 36 }, { id: 37 },
  { id: 38 }, { id: 39 }, { id: 40 },
  { id: 41 }, { id: 43 }, { id: 42 },
  { id: 45 }, { id: 44 }, { id: 46 },
  { id: 47 }, { id: 48 }, { id: 49 }
]
WARN : Ya existe Registro con el ID propuesto.
{ id: 12 }
{ id: 13 }
{ id: 11 }
{ id: 14 }
{ id: 15 }
{ id: 16 }
{ id: 17 }
{ id: 18 }
{ id: 19 }
{ id: 20 }
{ id: 21 }
{ id: 22 }
{ id: 23 }
{ id: 24 }
{ id: 25 }
{ id: 26 }
{ id: 27 }
{ id: 28 }
{ id: 29 }
{ id: 30 }
{ id: 31 }
{ id: 32 }
{ id: 33 }
{ id: 34 }
{ id: 35 }
{ id: 36 }
{ id: 37 }
{ id: 38 }
{ id: 39 }
{ id: 40 }
{ id: 41 }
{ id: 43 }
{ id: 42 }
{ id: 45 }
{ id: 44 }
{ id: 46 }
{ id: 47 }
{ id: 48 }
{ id: 49 }
ID EXISTENTES:
[
  { id: 12 }, { id: 13 }, { id: 11 },
  { id: 14 }, { id: 15 }, { id: 16 },
  { id: 17 }, { id: 18 }, { id: 19 },
  { id: 20 }, { id: 21 }, { id: 22 },
  { id: 23 }, { id: 24 }, { id: 25 },
  { id: 26 }, { id: 27 }, { id: 28 },
  { id: 29 }, { id: 30 }, { id: 31 },
  { id: 32 }, { id: 33 }, { id: 34 },
  { id: 35 }, { id: 36 }, { id: 37 },
  { id: 38 }, { id: 39 }, { id: 40 },
  { id: 41 }, { id: 43 }, { id: 42 },
  { id: 45 }, { id: 44 }, { id: 46 },
  { id: 47 }, { id: 48 }, { id: 49 }
]
WARN : Ya existe Registro con el ID propuesto.
WARN : Ya existe Registro con el ID propuesto.
{ id: 12 }
{ id: 13 }
{ id: 11 }
{ id: 14 }
{ id: 15 }
{ id: 16 }
{ id: 17 }
{ id: 18 }
{ id: 19 }
{ id: 20 }
{ id: 21 }
{ id: 22 }
{ id: 23 }
{ id: 24 }
{ id: 25 }
{ id: 26 }
{ id: 27 }
{ id: 28 }
{ id: 29 }
{ id: 30 }
{ id: 31 }
{ id: 32 }
{ id: 33 }
{ id: 34 }
{ id: 35 }
{ id: 36 }
{ id: 37 }
{ id: 38 }
{ id: 39 }
{ id: 40 }
{ id: 41 }
{ id: 43 }
{ id: 42 }
{ id: 45 }
{ id: 44 }
{ id: 46 }
{ id: 47 }
{ id: 48 }
{ id: 49 }
ID EXISTENTES:
[
  { id: 12 }, { id: 13 }, { id: 11 },
  { id: 14 }, { id: 15 }, { id: 16 },
  { id: 17 }, { id: 18 }, { id: 19 },
  { id: 20 }, { id: 21 }, { id: 22 },
  { id: 23 }, { id: 24 }, { id: 25 },
  { id: 26 }, { id: 27 }, { id: 28 },
  { id: 29 }, { id: 30 }, { id: 31 },
  { id: 32 }, { id: 33 }, { id: 34 },
  { id: 35 }, { id: 36 }, { id: 37 },
  { id: 38 }, { id: 39 }, { id: 40 },
  { id: 41 }, { id: 43 }, { id: 42 },
  { id: 45 }, { id: 44 }, { id: 46 },
  { id: 47 }, { id: 48 }, { id: 49 }
]
WARN : Ya existe Registro con el ID propuesto.
{ id: 12 }
{ id: 13 }
{ id: 11 }
{ id: 14 }
{ id: 15 }
{ id: 16 }
{ id: 17 }
{ id: 18 }
{ id: 19 }
{ id: 20 }
{ id: 21 }
{ id: 22 }
{ id: 23 }
{ id: 24 }
{ id: 25 }
{ id: 26 }
{ id: 27 }
{ id: 28 }
{ id: 29 }
{ id: 30 }
{ id: 31 }
{ id: 32 }
{ id: 33 }
{ id: 34 }
{ id: 35 }
{ id: 36 }
{ id: 37 }
{ id: 38 }
{ id: 39 }
{ id: 40 }
{ id: 41 }
{ id: 43 }
{ id: 42 }
{ id: 45 }
{ id: 44 }
{ id: 46 }
{ id: 47 }
{ id: 48 }
{ id: 49 }
ID EXISTENTES:
[
  { id: 12 }, { id: 13 }, { id: 11 },
  { id: 14 }, { id: 15 }, { id: 16 },
  { id: 17 }, { id: 18 }, { id: 19 },
  { id: 20 }, { id: 21 }, { id: 22 },
  { id: 23 }, { id: 24 }, { id: 25 },
  { id: 26 }, { id: 27 }, { id: 28 },
  { id: 29 }, { id: 30 }, { id: 31 },
  { id: 32 }, { id: 33 }, { id: 34 },
  { id: 35 }, { id: 36 }, { id: 37 },
  { id: 38 }, { id: 39 }, { id: 40 },
  { id: 41 }, { id: 43 }, { id: 42 },
  { id: 45 }, { id: 44 }, { id: 46 },
  { id: 47 }, { id: 48 }, { id: 49 }
]
WARN : Ya existe Registro con el ID propuesto.
{ id: 12 }
{ id: 13 }
{ id: 11 }
{ id: 14 }
{ id: 15 }
{ id: 16 }
{ id: 17 }
{ id: 18 }
{ id: 19 }
{ id: 20 }
{ id: 21 }
{ id: 22 }
{ id: 23 }
{ id: 24 }
{ id: 25 }
{ id: 26 }
{ id: 27 }
{ id: 28 }
{ id: 29 }
{ id: 30 }
{ id: 31 }
{ id: 32 }
{ id: 33 }
{ id: 34 }
{ id: 35 }
{ id: 36 }
{ id: 37 }
{ id: 38 }
{ id: 39 }
{ id: 40 }
{ id: 41 }
{ id: 43 }
{ id: 42 }
{ id: 45 }
{ id: 44 }
{ id: 46 }
{ id: 47 }
{ id: 48 }
{ id: 49 }
ID EXISTENTES:
[
  { id: 12 }, { id: 13 }, { id: 11 },
  { id: 14 }, { id: 15 }, { id: 16 },
  { id: 17 }, { id: 18 }, { id: 19 },
  { id: 20 }, { id: 21 }, { id: 22 },
  { id: 23 }, { id: 24 }, { id: 25 },
  { id: 26 }, { id: 27 }, { id: 28 },
  { id: 29 }, { id: 30 }, { id: 31 },
  { id: 32 }, { id: 33 }, { id: 34 },
  { id: 35 }, { id: 36 }, { id: 37 },
  { id: 38 }, { id: 39 }, { id: 40 },
  { id: 41 }, { id: 43 }, { id: 42 },
  { id: 45 }, { id: 44 }, { id: 46 },
  { id: 47 }, { id: 48 }, { id: 49 }
]
{ id: 12 }
{ id: 13 }
{ id: 11 }
{ id: 14 }
{ id: 15 }
{ id: 16 }
{ id: 17 }
{ id: 18 }
{ id: 19 }
{ id: 20 }
{ id: 21 }
{ id: 22 }
{ id: 23 }
{ id: 24 }
{ id: 25 }
{ id: 26 }
{ id: 27 }
{ id: 28 }
{ id: 29 }
{ id: 30 }
{ id: 31 }
{ id: 32 }
{ id: 33 }
{ id: 34 }
{ id: 35 }
{ id: 36 }
{ id: 37 }
{ id: 38 }
{ id: 39 }
{ id: 40 }
{ id: 41 }
{ id: 43 }
{ id: 42 }
{ id: 45 }
{ id: 44 }
{ id: 46 }
{ id: 47 }
{ id: 48 }
{ id: 49 }
ID EXISTENTES:
[
  { id: 12 }, { id: 13 }, { id: 11 },
  { id: 14 }, { id: 15 }, { id: 16 },
  { id: 17 }, { id: 18 }, { id: 19 },
  { id: 20 }, { id: 21 }, { id: 22 },
  { id: 23 }, { id: 24 }, { id: 25 },
  { id: 26 }, { id: 27 }, { id: 28 },
  { id: 29 }, { id: 30 }, { id: 31 },
  { id: 32 }, { id: 33 }, { id: 34 },
  { id: 35 }, { id: 36 }, { id: 37 },
  { id: 38 }, { id: 39 }, { id: 40 },
  { id: 41 }, { id: 43 }, { id: 42 },
  { id: 45 }, { id: 44 }, { id: 46 },
  { id: 47 }, { id: 48 }, { id: 49 }
]
{ id: 12 }
{ id: 13 }
{ id: 11 }
{ id: 14 }
{ id: 15 }
{ id: 16 }
{ id: 17 }
{ id: 18 }
{ id: 19 }
{ id: 20 }
{ id: 21 }
{ id: 22 }
{ id: 23 }
{ id: 24 }
{ id: 25 }
{ id: 26 }
{ id: 27 }
{ id: 28 }
{ id: 29 }
{ id: 30 }
{ id: 31 }
{ id: 32 }
{ id: 33 }
{ id: 34 }
{ id: 35 }
{ id: 36 }
{ id: 37 }
{ id: 38 }
{ id: 39 }
{ id: 40 }
{ id: 41 }
{ id: 43 }
{ id: 42 }
{ id: 45 }
{ id: 44 }
{ id: 46 }
{ id: 47 }
{ id: 48 }
{ id: 49 }
ID EXISTENTES:
[
  { id: 12 }, { id: 13 }, { id: 11 },
  { id: 14 }, { id: 15 }, { id: 16 },
  { id: 17 }, { id: 18 }, { id: 19 },
  { id: 20 }, { id: 21 }, { id: 22 },
  { id: 23 }, { id: 24 }, { id: 25 },
  { id: 26 }, { id: 27 }, { id: 28 },
  { id: 29 }, { id: 30 }, { id: 31 },
  { id: 32 }, { id: 33 }, { id: 34 },
  { id: 35 }, { id: 36 }, { id: 37 },
  { id: 38 }, { id: 39 }, { id: 40 },
  { id: 41 }, { id: 43 }, { id: 42 },
  { id: 45 }, { id: 44 }, { id: 46 },
  { id: 47 }, { id: 48 }, { id: 49 }
]
{ id: 12 }
{ id: 13 }
{ id: 11 }
{ id: 14 }
{ id: 15 }
{ id: 16 }
{ id: 17 }
{ id: 18 }
{ id: 19 }
{ id: 20 }
{ id: 21 }
{ id: 22 }
{ id: 23 }
{ id: 24 }
{ id: 25 }
{ id: 26 }
{ id: 27 }
{ id: 28 }
{ id: 29 }
{ id: 30 }
{ id: 31 }
{ id: 32 }
{ id: 33 }
{ id: 34 }
{ id: 35 }
{ id: 36 }
{ id: 37 }
{ id: 38 }
{ id: 39 }
{ id: 40 }
{ id: 41 }
{ id: 43 }
{ id: 42 }
{ id: 45 }
{ id: 44 }
{ id: 46 }
{ id: 47 }
{ id: 48 }
{ id: 49 }
ID EXISTENTES:
[
  { id: 12 }, { id: 13 }, { id: 11 },
  { id: 14 }, { id: 15 }, { id: 16 },
  { id: 17 }, { id: 18 }, { id: 19 },
  { id: 20 }, { id: 21 }, { id: 22 },
  { id: 23 }, { id: 24 }, { id: 25 },
  { id: 26 }, { id: 27 }, { id: 28 },
  { id: 29 }, { id: 30 }, { id: 31 },
  { id: 32 }, { id: 33 }, { id: 34 },
  { id: 35 }, { id: 36 }, { id: 37 },
  { id: 38 }, { id: 39 }, { id: 40 },
  { id: 41 }, { id: 43 }, { id: 42 },
  { id: 45 }, { id: 44 }, { id: 46 },
  { id: 47 }, { id: 48 }, { id: 49 }
]
{ id: 12 }
{ id: 13 }
{ id: 11 }
{ id: 14 }
{ id: 15 }
{ id: 16 }
{ id: 17 }
{ id: 18 }
{ id: 19 }
{ id: 20 }
{ id: 21 }
{ id: 22 }
{ id: 23 }
{ id: 24 }
{ id: 25 }
{ id: 26 }
{ id: 27 }
{ id: 28 }
{ id: 29 }
{ id: 30 }
{ id: 31 }
{ id: 32 }
{ id: 33 }
{ id: 34 }
{ id: 35 }
{ id: 36 }
{ id: 37 }
{ id: 38 }
{ id: 39 }
{ id: 40 }
{ id: 41 }
{ id: 43 }
{ id: 42 }
{ id: 45 }
{ id: 44 }
{ id: 46 }
{ id: 47 }
{ id: 48 }
{ id: 49 }
ID EXISTENTES:
[
  { id: 12 }, { id: 13 }, { id: 11 },
  { id: 14 }, { id: 15 }, { id: 16 },
  { id: 17 }, { id: 18 }, { id: 19 },
  { id: 20 }, { id: 21 }, { id: 22 },
  { id: 23 }, { id: 24 }, { id: 25 },
  { id: 26 }, { id: 27 }, { id: 28 },
  { id: 29 }, { id: 30 }, { id: 31 },
  { id: 32 }, { id: 33 }, { id: 34 },
  { id: 35 }, { id: 36 }, { id: 37 },
  { id: 38 }, { id: 39 }, { id: 40 },
  { id: 41 }, { id: 43 }, { id: 42 },
  { id: 45 }, { id: 44 }, { id: 46 },
  { id: 47 }, { id: 48 }, { id: 49 }
]
{ id: 12 }
{ id: 13 }
{ id: 11 }
{ id: 14 }
{ id: 15 }
{ id: 16 }
{ id: 17 }
{ id: 18 }
{ id: 19 }
{ id: 20 }
{ id: 21 }
{ id: 22 }
{ id: 23 }
{ id: 24 }
{ id: 25 }
{ id: 26 }
{ id: 27 }
{ id: 28 }
{ id: 29 }
{ id: 30 }
{ id: 31 }
{ id: 32 }
{ id: 33 }
{ id: 34 }
{ id: 35 }
{ id: 36 }
{ id: 37 }
{ id: 38 }
{ id: 39 }
{ id: 40 }
{ id: 41 }
{ id: 43 }
{ id: 42 }
{ id: 45 }
{ id: 44 }
{ id: 46 }
{ id: 47 }
{ id: 48 }
{ id: 49 }
ID EXISTENTES:
[
  { id: 12 }, { id: 13 }, { id: 11 },
  { id: 14 }, { id: 15 }, { id: 16 },
  { id: 17 }, { id: 18 }, { id: 19 },
  { id: 20 }, { id: 21 }, { id: 22 },
  { id: 23 }, { id: 24 }, { id: 25 },
  { id: 26 }, { id: 27 }, { id: 28 },
  { id: 29 }, { id: 30 }, { id: 31 },
  { id: 32 }, { id: 33 }, { id: 34 },
  { id: 35 }, { id: 36 }, { id: 37 },
  { id: 38 }, { id: 39 }, { id: 40 },
  { id: 41 }, { id: 43 }, { id: 42 },
  { id: 45 }, { id: 44 }, { id: 46 },
  { id: 47 }, { id: 48 }, { id: 49 }
]
WARN : Ya existe Registro con el ID propuesto.
WARN : Ya existe Registro con el ID propuesto.
{ id: 12 }
{ id: 13 }
{ id: 11 }
{ id: 14 }
{ id: 15 }
{ id: 16 }
{ id: 17 }
{ id: 18 }
{ id: 19 }
{ id: 20 }
{ id: 21 }
{ id: 22 }
{ id: 23 }
{ id: 24 }
{ id: 25 }
{ id: 26 }
{ id: 27 }
{ id: 28 }
{ id: 29 }
{ id: 30 }
{ id: 31 }
{ id: 32 }
{ id: 33 }
{ id: 34 }
{ id: 35 }
{ id: 36 }
{ id: 37 }
{ id: 38 }
{ id: 39 }
{ id: 40 }
{ id: 41 }
{ id: 43 }
{ id: 42 }
{ id: 45 }
{ id: 44 }
{ id: 46 }
{ id: 47 }
{ id: 48 }
{ id: 49 }
ID EXISTENTES:
[
  { id: 12 }, { id: 13 }, { id: 11 },
  { id: 14 }, { id: 15 }, { id: 16 },
  { id: 17 }, { id: 18 }, { id: 19 },
  { id: 20 }, { id: 21 }, { id: 22 },
  { id: 23 }, { id: 24 }, { id: 25 },
  { id: 26 }, { id: 27 }, { id: 28 },
  { id: 29 }, { id: 30 }, { id: 31 },
  { id: 32 }, { id: 33 }, { id: 34 },
  { id: 35 }, { id: 36 }, { id: 37 },
  { id: 38 }, { id: 39 }, { id: 40 },
  { id: 41 }, { id: 43 }, { id: 42 },
  { id: 45 }, { id: 44 }, { id: 46 },
  { id: 47 }, { id: 48 }, { id: 49 }
]
WARN : Ya existe Registro con el ID propuesto.
WARN : Ya existe Registro con el ID propuesto.
{ id: 12 }
{ id: 13 }
{ id: 11 }
{ id: 14 }
{ id: 15 }
{ id: 16 }
{ id: 17 }
{ id: 18 }
{ id: 19 }
{ id: 20 }
{ id: 21 }
{ id: 22 }
{ id: 23 }
{ id: 24 }
{ id: 25 }
{ id: 26 }
{ id: 27 }
{ id: 28 }
{ id: 29 }
{ id: 30 }
{ id: 31 }
{ id: 32 }
{ id: 33 }
{ id: 34 }
{ id: 35 }
{ id: 36 }
{ id: 37 }
{ id: 38 }
{ id: 39 }
{ id: 40 }
{ id: 41 }
{ id: 43 }
{ id: 42 }
{ id: 45 }
{ id: 44 }
{ id: 46 }
{ id: 47 }
{ id: 48 }
{ id: 49 }
ID EXISTENTES:
[
  { id: 12 }, { id: 13 }, { id: 11 },
  { id: 14 }, { id: 15 }, { id: 16 },
  { id: 17 }, { id: 18 }, { id: 19 },
  { id: 20 }, { id: 21 }, { id: 22 },
  { id: 23 }, { id: 24 }, { id: 25 },
  { id: 26 }, { id: 27 }, { id: 28 },
  { id: 29 }, { id: 30 }, { id: 31 },
  { id: 32 }, { id: 33 }, { id: 34 },
  { id: 35 }, { id: 36 }, { id: 37 },
  { id: 38 }, { id: 39 }, { id: 40 },
  { id: 41 }, { id: 43 }, { id: 42 },
  { id: 45 }, { id: 44 }, { id: 46 },
  { id: 47 }, { id: 48 }, { id: 49 }
]
WARN : Ya existe Registro con el ID propuesto.
{ id: 12 }
{ id: 13 }
{ id: 11 }
{ id: 14 }
{ id: 15 }
{ id: 16 }
{ id: 17 }
{ id: 18 }
{ id: 19 }
{ id: 20 }
{ id: 21 }
{ id: 22 }
{ id: 23 }
{ id: 24 }
{ id: 25 }
{ id: 26 }
{ id: 27 }
{ id: 28 }
{ id: 29 }
{ id: 30 }
{ id: 31 }
{ id: 32 }
{ id: 33 }
{ id: 34 }
{ id: 35 }
{ id: 36 }
{ id: 37 }
{ id: 38 }
{ id: 39 }
{ id: 40 }
{ id: 41 }
{ id: 43 }
{ id: 42 }
{ id: 45 }
{ id: 44 }
{ id: 46 }
{ id: 47 }
{ id: 48 }
{ id: 49 }
ID EXISTENTES:
[
  { id: 12 }, { id: 13 }, { id: 11 },
  { id: 14 }, { id: 15 }, { id: 16 },
  { id: 17 }, { id: 18 }, { id: 19 },
  { id: 20 }, { id: 21 }, { id: 22 },
  { id: 23 }, { id: 24 }, { id: 25 },
  { id: 26 }, { id: 27 }, { id: 28 },
  { id: 29 }, { id: 30 }, { id: 31 },
  { id: 32 }, { id: 33 }, { id: 34 },
  { id: 35 }, { id: 36 }, { id: 37 },
  { id: 38 }, { id: 39 }, { id: 40 },
  { id: 41 }, { id: 43 }, { id: 42 },
  { id: 45 }, { id: 44 }, { id: 46 },
  { id: 47 }, { id: 48 }, { id: 49 }
]
{ id: 12 }
{ id: 13 }
{ id: 11 }
{ id: 14 }
{ id: 15 }
{ id: 16 }
{ id: 17 }
{ id: 18 }
{ id: 19 }
{ id: 20 }
{ id: 21 }
{ id: 22 }
{ id: 23 }
{ id: 24 }
{ id: 25 }
{ id: 26 }
{ id: 27 }
{ id: 28 }
{ id: 29 }
{ id: 30 }
{ id: 31 }
{ id: 32 }
{ id: 33 }
{ id: 34 }
{ id: 35 }
{ id: 36 }
{ id: 37 }
{ id: 38 }
{ id: 39 }
{ id: 40 }
{ id: 41 }
{ id: 43 }
{ id: 42 }
{ id: 45 }
{ id: 44 }
{ id: 46 }
{ id: 47 }
{ id: 48 }
{ id: 49 }
ID EXISTENTES:
[
  { id: 12 }, { id: 13 }, { id: 11 },
  { id: 14 }, { id: 15 }, { id: 16 },
  { id: 17 }, { id: 18 }, { id: 19 },
  { id: 20 }, { id: 21 }, { id: 22 },
  { id: 23 }, { id: 24 }, { id: 25 },
  { id: 26 }, { id: 27 }, { id: 28 },
  { id: 29 }, { id: 30 }, { id: 31 },
  { id: 32 }, { id: 33 }, { id: 34 },
  { id: 35 }, { id: 36 }, { id: 37 },
  { id: 38 }, { id: 39 }, { id: 40 },
  { id: 41 }, { id: 43 }, { id: 42 },
  { id: 45 }, { id: 44 }, { id: 46 },
  { id: 47 }, { id: 48 }, { id: 49 }
]
WARN : Ya existe Registro con el ID propuesto.
WARN : Ya existe Registro con el ID propuesto.
{ id: 12 }
{ id: 13 }
{ id: 11 }
{ id: 14 }
{ id: 15 }
{ id: 16 }
{ id: 17 }
{ id: 18 }
{ id: 19 }
{ id: 20 }
{ id: 21 }
{ id: 22 }
{ id: 23 }
{ id: 24 }
{ id: 25 }
{ id: 26 }
{ id: 27 }
{ id: 28 }
{ id: 29 }
{ id: 30 }
{ id: 31 }
{ id: 32 }
{ id: 33 }
{ id: 34 }
{ id: 35 }
{ id: 36 }
{ id: 37 }
{ id: 38 }
{ id: 39 }
{ id: 40 }
{ id: 41 }
{ id: 43 }
{ id: 42 }
{ id: 45 }
{ id: 44 }
{ id: 46 }
{ id: 47 }
{ id: 48 }
{ id: 49 }
ID EXISTENTES:
[
  { id: 12 }, { id: 13 }, { id: 11 },
  { id: 14 }, { id: 15 }, { id: 16 },
  { id: 17 }, { id: 18 }, { id: 19 },
  { id: 20 }, { id: 21 }, { id: 22 },
  { id: 23 }, { id: 24 }, { id: 25 },
  { id: 26 }, { id: 27 }, { id: 28 },
  { id: 29 }, { id: 30 }, { id: 31 },
  { id: 32 }, { id: 33 }, { id: 34 },
  { id: 35 }, { id: 36 }, { id: 37 },
  { id: 38 }, { id: 39 }, { id: 40 },
  { id: 41 }, { id: 43 }, { id: 42 },
  { id: 45 }, { id: 44 }, { id: 46 },
  { id: 47 }, { id: 48 }, { id: 49 }
]
WARN : Ya existe Registro con el ID propuesto.
WARN : Ya existe Registro con el ID propuesto.
WARN : Ya existe Registro con el ID propuesto.
WARN : Ya existe Registro con el ID propuesto.
{ id: 12 }
{ id: 13 }
{ id: 11 }
{ id: 14 }
{ id: 15 }
{ id: 16 }
{ id: 17 }
{ id: 18 }
{ id: 19 }
{ id: 20 }
{ id: 21 }
{ id: 22 }
{ id: 23 }
{ id: 24 }
{ id: 25 }
{ id: 26 }
{ id: 27 }
{ id: 28 }
{ id: 29 }
{ id: 30 }
{ id: 31 }
{ id: 32 }
{ id: 33 }
{ id: 34 }
{ id: 35 }
{ id: 36 }
{ id: 37 }
{ id: 38 }
{ id: 39 }
{ id: 40 }
{ id: 41 }
{ id: 43 }
{ id: 42 }
{ id: 45 }
{ id: 44 }
{ id: 46 }
{ id: 47 }
{ id: 48 }
{ id: 49 }
ID EXISTENTES:
[
  { id: 12 }, { id: 13 }, { id: 11 },
  { id: 14 }, { id: 15 }, { id: 16 },
  { id: 17 }, { id: 18 }, { id: 19 },
  { id: 20 }, { id: 21 }, { id: 22 },
  { id: 23 }, { id: 24 }, { id: 25 },
  { id: 26 }, { id: 27 }, { id: 28 },
  { id: 29 }, { id: 30 }, { id: 31 },
  { id: 32 }, { id: 33 }, { id: 34 },
  { id: 35 }, { id: 36 }, { id: 37 },
  { id: 38 }, { id: 39 }, { id: 40 },
  { id: 41 }, { id: 43 }, { id: 42 },
  { id: 45 }, { id: 44 }, { id: 46 },
  { id: 47 }, { id: 48 }, { id: 49 }
]
{ id: 12 }
{ id: 13 }
{ id: 11 }
{ id: 14 }
{ id: 15 }
{ id: 16 }
{ id: 17 }
{ id: 18 }
{ id: 19 }
{ id: 20 }
{ id: 21 }
{ id: 22 }
{ id: 23 }
{ id: 24 }
{ id: 25 }
{ id: 26 }
{ id: 27 }
{ id: 28 }
{ id: 29 }
{ id: 30 }
{ id: 31 }
{ id: 32 }
{ id: 33 }
{ id: 34 }
{ id: 35 }
{ id: 36 }
{ id: 37 }
{ id: 38 }
{ id: 39 }
{ id: 40 }
{ id: 41 }
{ id: 43 }
{ id: 42 }
{ id: 45 }
{ id: 44 }
{ id: 46 }
{ id: 47 }
{ id: 48 }
{ id: 49 }
ID EXISTENTES:
[
  { id: 12 }, { id: 13 }, { id: 11 },
  { id: 14 }, { id: 15 }, { id: 16 },
  { id: 17 }, { id: 18 }, { id: 19 },
  { id: 20 }, { id: 21 }, { id: 22 },
  { id: 23 }, { id: 24 }, { id: 25 },
  { id: 26 }, { id: 27 }, { id: 28 },
  { id: 29 }, { id: 30 }, { id: 31 },
  { id: 32 }, { id: 33 }, { id: 34 },
  { id: 35 }, { id: 36 }, { id: 37 },
  { id: 38 }, { id: 39 }, { id: 40 },
  { id: 41 }, { id: 43 }, { id: 42 },
  { id: 45 }, { id: 44 }, { id: 46 },
  { id: 47 }, { id: 48 }, { id: 49 }
]
WARN : Ya existe Registro con el ID propuesto.
{ id: 12 }
{ id: 13 }
{ id: 11 }
{ id: 14 }
{ id: 15 }
{ id: 16 }
{ id: 17 }
{ id: 18 }
{ id: 19 }
{ id: 20 }
{ id: 21 }
{ id: 22 }
{ id: 23 }
{ id: 24 }
{ id: 25 }
{ id: 26 }
{ id: 27 }
{ id: 28 }
{ id: 29 }
{ id: 30 }
{ id: 31 }
{ id: 32 }
{ id: 33 }
{ id: 34 }
{ id: 35 }
{ id: 36 }
{ id: 37 }
{ id: 38 }
{ id: 39 }
{ id: 40 }
{ id: 41 }
{ id: 43 }
{ id: 42 }
{ id: 45 }
{ id: 44 }
{ id: 46 }
{ id: 47 }
{ id: 48 }
{ id: 49 }
ID EXISTENTES:
[
  { id: 12 }, { id: 13 }, { id: 11 },
  { id: 14 }, { id: 15 }, { id: 16 },
  { id: 17 }, { id: 18 }, { id: 19 },
  { id: 20 }, { id: 21 }, { id: 22 },
  { id: 23 }, { id: 24 }, { id: 25 },
  { id: 26 }, { id: 27 }, { id: 28 },
  { id: 29 }, { id: 30 }, { id: 31 },
  { id: 32 }, { id: 33 }, { id: 34 },
  { id: 35 }, { id: 36 }, { id: 37 },
  { id: 38 }, { id: 39 }, { id: 40 },
  { id: 41 }, { id: 43 }, { id: 42 },
  { id: 45 }, { id: 44 }, { id: 46 },
  { id: 47 }, { id: 48 }, { id: 49 }
]
WARN : Ya existe Registro con el ID propuesto.
{ id: 12 }
{ id: 13 }
{ id: 11 }
{ id: 14 }
{ id: 15 }
{ id: 16 }
{ id: 17 }
{ id: 18 }
{ id: 19 }
{ id: 20 }
{ id: 21 }
{ id: 22 }
{ id: 23 }
{ id: 24 }
{ id: 25 }
{ id: 26 }
{ id: 27 }
{ id: 28 }
{ id: 29 }
{ id: 30 }
{ id: 31 }
{ id: 32 }
{ id: 33 }
{ id: 34 }
{ id: 35 }
{ id: 36 }
{ id: 37 }
{ id: 38 }
{ id: 39 }
{ id: 40 }
{ id: 41 }
{ id: 43 }
{ id: 42 }
{ id: 45 }
{ id: 44 }
{ id: 46 }
{ id: 47 }
{ id: 48 }
{ id: 49 }
ID EXISTENTES:
[
  { id: 12 }, { id: 13 }, { id: 11 },
  { id: 14 }, { id: 15 }, { id: 16 },
  { id: 17 }, { id: 18 }, { id: 19 },
  { id: 20 }, { id: 21 }, { id: 22 },
  { id: 23 }, { id: 24 }, { id: 25 },
  { id: 26 }, { id: 27 }, { id: 28 },
  { id: 29 }, { id: 30 }, { id: 31 },
  { id: 32 }, { id: 33 }, { id: 34 },
  { id: 35 }, { id: 36 }, { id: 37 },
  { id: 38 }, { id: 39 }, { id: 40 },
  { id: 41 }, { id: 43 }, { id: 42 },
  { id: 45 }, { id: 44 }, { id: 46 },
  { id: 47 }, { id: 48 }, { id: 49 }
]
{ id: 12 }
{ id: 13 }
{ id: 11 }
{ id: 14 }
{ id: 15 }
{ id: 16 }
{ id: 17 }
{ id: 18 }
{ id: 19 }
{ id: 20 }
{ id: 21 }
{ id: 22 }
{ id: 23 }
{ id: 24 }
{ id: 25 }
{ id: 26 }
{ id: 27 }
{ id: 28 }
{ id: 29 }
{ id: 30 }
{ id: 31 }
{ id: 32 }
{ id: 33 }
{ id: 34 }
{ id: 35 }
{ id: 36 }
{ id: 37 }
{ id: 38 }
{ id: 39 }
{ id: 40 }
{ id: 41 }
{ id: 43 }
{ id: 42 }
{ id: 45 }
{ id: 44 }
{ id: 46 }
{ id: 47 }
{ id: 48 }
{ id: 49 }
ID EXISTENTES:
[
  { id: 12 }, { id: 13 }, { id: 11 },
  { id: 14 }, { id: 15 }, { id: 16 },
  { id: 17 }, { id: 18 }, { id: 19 },
  { id: 20 }, { id: 21 }, { id: 22 },
  { id: 23 }, { id: 24 }, { id: 25 },
  { id: 26 }, { id: 27 }, { id: 28 },
  { id: 29 }, { id: 30 }, { id: 31 },
  { id: 32 }, { id: 33 }, { id: 34 },
  { id: 35 }, { id: 36 }, { id: 37 },
  { id: 38 }, { id: 39 }, { id: 40 },
  { id: 41 }, { id: 43 }, { id: 42 },
  { id: 45 }, { id: 44 }, { id: 46 },
  { id: 47 }, { id: 48 }, { id: 49 }
]
{ id: 12 }
{ id: 13 }
{ id: 11 }
{ id: 14 }
{ id: 15 }
{ id: 16 }
{ id: 17 }
{ id: 18 }
{ id: 19 }
{ id: 20 }
{ id: 21 }
{ id: 22 }
{ id: 23 }
{ id: 24 }
{ id: 25 }
{ id: 26 }
{ id: 27 }
{ id: 28 }
{ id: 29 }
{ id: 30 }
{ id: 31 }
{ id: 32 }
{ id: 33 }
{ id: 34 }
{ id: 35 }
{ id: 36 }
{ id: 37 }
{ id: 38 }
{ id: 39 }
{ id: 40 }
{ id: 41 }
{ id: 43 }
{ id: 42 }
{ id: 45 }
{ id: 44 }
{ id: 46 }
{ id: 47 }
{ id: 48 }
{ id: 49 }
ID EXISTENTES:
[
  { id: 12 }, { id: 13 }, { id: 11 },
  { id: 14 }, { id: 15 }, { id: 16 },
  { id: 17 }, { id: 18 }, { id: 19 },
  { id: 20 }, { id: 21 }, { id: 22 },
  { id: 23 }, { id: 24 }, { id: 25 },
  { id: 26 }, { id: 27 }, { id: 28 },
  { id: 29 }, { id: 30 }, { id: 31 },
  { id: 32 }, { id: 33 }, { id: 34 },
  { id: 35 }, { id: 36 }, { id: 37 },
  { id: 38 }, { id: 39 }, { id: 40 },
  { id: 41 }, { id: 43 }, { id: 42 },
  { id: 45 }, { id: 44 }, { id: 46 },
  { id: 47 }, { id: 48 }, { id: 49 }
]
WARN : Ya existe Registro con el ID propuesto.
WARN : Ya existe Registro con el ID propuesto.
